#
# There is insufficient memory for the Java Runtime Environment to continue.
# Native memory allocation (malloc) failed to allocate 1327216 bytes for Chunk::new
# Possible reasons:
#   The system is out of physical RAM or swap space
#   In 32 bit mode, the process size limit was hit
# Possible solutions:
#   Reduce memory load on the system
#   Increase physical memory or swap space
#   Check if swap backing store is full
#   Use 64 bit Java on a 64 bit OS
#   Decrease Java heap size (-Xmx/-Xms)
#   Decrease number of Java threads
#   Decrease Java thread stack sizes (-Xss)
#   Set larger code cache with -XX:ReservedCodeCacheSize=
# This output file may be truncated or incomplete.
#
#  Out of Memory Error (allocation.cpp:390), pid=372, tid=0x0000000000002160
#
# JRE version: OpenJDK Runtime Environment (8.0_152-b06) (build 1.8.0_152-release-1136-b06)
# Java VM: OpenJDK 64-Bit Server VM (25.152-b06 mixed mode windows-amd64 compressed oops)
# Failed to write core dump. Minidumps are not enabled by default on client versions of Windows
#

---------------  T H R E A D  ---------------

Current thread (0x0000000015fc8000):  JavaThread "C2 CompilerThread0" daemon [_thread_in_native, id=8544, stack(0x0000000017600000,0x0000000017700000)]

Stack: [0x0000000017600000,0x0000000017700000]
[error occurred during error reporting (printing stack bounds), id 0xc0000005]

Native frames: (J=compiled Java code, j=interpreted, Vv=VM code, C=native code)


Current CompileTask:
C2:  72457 16564       4       com.android.tools.r8.graph.DexMethod::collectIndexedItems (44 bytes)


---------------  P R O C E S S  ---------------

Java Threads: ( => current thread )
  0x000000001e03f800 JavaThread "ForkJoinPool-1-worker-0" daemon [_thread_blocked, id=1112, stack(0x0000000028420000,0x0000000028520000)]
  0x000000001e03b000 JavaThread "ForkJoinPool-1-worker-3" daemon [_thread_blocked, id=9352, stack(0x0000000028320000,0x0000000028420000)]
  0x000000001e03a800 JavaThread "ForkJoinPool-1-worker-2" daemon [_thread_blocked, id=2608, stack(0x0000000028220000,0x0000000028320000)]
  0x000000001e03e000 JavaThread "ForkJoinPool-1-worker-1" daemon [_thread_in_Java, id=2300, stack(0x0000000028120000,0x0000000028220000)]
  0x000000001caf2000 JavaThread "ForkJoinPool.commonPool-worker-1" daemon [_thread_blocked, id=9936, stack(0x0000000025830000,0x0000000025930000)]
  0x000000001caf5000 JavaThread "Cache worker for Java compile cache (G:\Android Projects\StatusSaver-for-Whatsapp-master\.gradle\4.6\javaCompile)" [_thread_blocked, id=3364, stack(0x0000000024a00000,0x0000000024b00000)]
  0x000000001caf5800 JavaThread "Exec process Thread 3" [_thread_blocked, id=8436, stack(0x0000000024900000,0x0000000024a00000)]
  0x000000001cae9800 JavaThread "Exec process Thread 2" [_thread_blocked, id=7268, stack(0x0000000024800000,0x0000000024900000)]
  0x000000001caf0800 JavaThread "Exec process" [_thread_blocked, id=4228, stack(0x0000000024700000,0x0000000024800000)]
  0x000000001caf2800 JavaThread "MarlinRenderer Disposer" daemon [_thread_blocked, id=1340, stack(0x0000000023700000,0x0000000023800000)]
  0x000000001caf4000 JavaThread "Java2D Disposer" daemon [_thread_blocked, id=2940, stack(0x0000000023600000,0x0000000023700000)]
  0x000000001caed800 JavaThread "Task worker for ':' Thread 3" [_thread_blocked, id=10140, stack(0x0000000022d30000,0x0000000022e30000)]
  0x000000001caef000 JavaThread "Task worker for ':' Thread 2" [_thread_blocked, id=4344, stack(0x0000000022c30000,0x0000000022d30000)]
  0x000000001caec800 JavaThread "Task worker for ':'" [_thread_blocked, id=2772, stack(0x0000000022b30000,0x0000000022c30000)]
  0x000000001caec000 JavaThread "Cache worker for Build Output Cleanup Cache (G:\Android Projects\StatusSaver-for-Whatsapp-master\.gradle\buildOutputCleanup)" [_thread_blocked, id=9380, stack(0x0000000022a30000,0x0000000022b30000)]
  0x000000001caeb000 JavaThread "Cache worker for task history cache (G:\Android Projects\StatusSaver-for-Whatsapp-master\.gradle\4.6\taskHistory)" [_thread_blocked, id=5020, stack(0x0000000022450000,0x0000000022550000)]
  0x000000001caea800 JavaThread "Cache worker for file content cache (G:\Android Projects\StatusSaver-for-Whatsapp-master\.gradle\4.6\fileContent)" [_thread_blocked, id=10072, stack(0x0000000022350000,0x0000000022450000)]
  0x000000001c2f6800 JavaThread "Memory manager" [_thread_blocked, id=8888, stack(0x00000000215b0000,0x00000000216b0000)]
  0x000000001c2f3800 JavaThread "Build operations Thread 4" [_thread_blocked, id=6632, stack(0x000000001fe70000,0x000000001ff70000)]
  0x000000001c2f4800 JavaThread "Build operations Thread 3" [_thread_blocked, id=2740, stack(0x000000001fd70000,0x000000001fe70000)]
  0x000000001c2f3000 JavaThread "Build operations Thread 2" [_thread_blocked, id=7844, stack(0x000000001fc70000,0x000000001fd70000)]
  0x000000001c2f6000 JavaThread "Build operations" [_thread_blocked, id=7720, stack(0x000000001fb70000,0x000000001fc70000)]
  0x000000001c2f0800 JavaThread "Cache worker for Artifact transforms cache (C:\Users\Zahid\.gradle\caches\transforms-1)" [_thread_blocked, id=9324, stack(0x000000001cff0000,0x000000001d0f0000)]
  0x0000000019300000 JavaThread "Cache worker for file hash cache (G:\Android Projects\StatusSaver-for-Whatsapp-master\.gradle\4.6\fileHashes)" [_thread_blocked, id=9268, stack(0x000000001bb20000,0x000000001bc20000)]
  0x000000001926e800 JavaThread "File lock request listener" [_thread_in_native, id=2220, stack(0x000000001aa50000,0x000000001ab50000)]
  0x000000001843f800 JavaThread "Cache worker for file hash cache (C:\Users\Zahid\.gradle\caches\4.6\fileHashes)" [_thread_blocked, id=3512, stack(0x000000001a950000,0x000000001aa50000)]
  0x000000001909c800 JavaThread "Asynchronous log dispatcher for DefaultDaemonConnection: socket connection from /127.0.0.1:51550 to /127.0.0.1:51551" [_thread_blocked, id=800, stack(0x000000001a550000,0x000000001a650000)]
  0x00000000190a3000 JavaThread "Daemon worker" [_thread_blocked, id=9108, stack(0x000000001a450000,0x000000001a550000)]
  0x000000001915a000 JavaThread "Cancel handler" [_thread_blocked, id=1108, stack(0x000000001a350000,0x000000001a450000)]
  0x000000001908c000 JavaThread "Handler for socket connection from /127.0.0.1:51550 to /127.0.0.1:51551" [_thread_in_native, id=608, stack(0x000000001a050000,0x000000001a150000)]
  0x0000000019088800 JavaThread "Daemon" [_thread_blocked, id=8620, stack(0x0000000019f50000,0x000000001a050000)]
  0x0000000019009800 JavaThread "Daemon periodic checks" [_thread_blocked, id=7100, stack(0x0000000019e50000,0x0000000019f50000)]
  0x0000000018fdc000 JavaThread "Incoming local TCP Connector on port 51550" [_thread_in_native, id=5856, stack(0x0000000019c10000,0x0000000019d10000)]
  0x0000000017928800 JavaThread "Service Thread" daemon [_thread_blocked, id=9888, stack(0x0000000017d00000,0x0000000017e00000)]
  0x0000000015fca800 JavaThread "C1 CompilerThread2" daemon [_thread_blocked, id=8264, stack(0x0000000017800000,0x0000000017900000)]
  0x0000000015fbe800 JavaThread "C2 CompilerThread1" daemon [_thread_in_native, id=1040, stack(0x0000000017700000,0x0000000017800000)]
=>0x0000000015fc8000 JavaThread "C2 CompilerThread0" daemon [_thread_in_native, id=8544, stack(0x0000000017600000,0x0000000017700000)]
  0x0000000015fc7000 JavaThread "Attach Listener" daemon [_thread_blocked, id=9096, stack(0x0000000017500000,0x0000000017600000)]
  0x0000000015fc6000 JavaThread "Signal Dispatcher" daemon [_thread_blocked, id=9104, stack(0x0000000017400000,0x0000000017500000)]
  0x000000000264c000 JavaThread "Finalizer" daemon [_thread_blocked, id=4532, stack(0x0000000017210000,0x0000000017310000)]
  0x0000000002641000 JavaThread "Reference Handler" daemon [_thread_blocked, id=1600, stack(0x0000000017110000,0x0000000017210000)]
  0x000000000254d800 JavaThread "main" [_thread_blocked, id=8404, stack(0x0000000002430000,0x0000000002530000)]

Other Threads:
  0x0000000015f85800 VMThread [stack: 0x0000000017010000,0x0000000017110000] [id=5644]
  0x000000001601d800 WatcherThread [stack: 0x0000000017e00000,0x0000000017f00000] [id=8864]

VM state:not at safepoint (normal execution)

VM Mutex/Monitor currently owned by a thread: None

Heap:
 PSYoungGen      total 358400K, used 87978K [0x00000000e0000000, 0x00000000fe200000, 0x0000000100000000)
  eden space 313856K, 28% used [0x00000000e0000000,0x00000000e55eab90,0x00000000f3280000)
  from space 44544K, 0% used [0x00000000f7900000,0x00000000f7900000,0x00000000fa480000)
  to   space 72192K, 0% used [0x00000000f3280000,0x00000000f3280000,0x00000000f7900000)
 ParOldGen       total 172544K, used 137605K [0x00000000a0000000, 0x00000000aa880000, 0x00000000e0000000)
  object space 172544K, 79% used [0x00000000a0000000,0x00000000a8661550,0x00000000aa880000)
 Metaspace       used 88390K, capacity 91114K, committed 91776K, reserved 1128448K
  class space    used 11376K, capacity 11994K, committed 12160K, reserved 1048576K

Card table byte_map: [0x0000000011a10000,0x0000000011d20000] byte_map_base: 0x0000000011510000

Marking Bits: (ParMarkBitMap*) 0x0000000058675aa0
 Begin Bits: [0x0000000012320000, 0x0000000013b20000)
 End Bits:   [0x0000000013b20000, 0x0000000015320000)

Polling page: 0x00000000007d0000

CodeCache: size=245760Kb used=46288Kb max_used=46682Kb free=199471Kb
 bounds [0x0000000002650000, 0x0000000005440000, 0x0000000011650000]
 total_blobs=14822 nmethods=13873 adapters=859
 compilation: enabled

Compilation events (10 events):
Event: 72.267 Thread 0x0000000015fca800 16675       2       com.android.tools.r8.graph.DexItemFactory::isClassConstructor (17 bytes)
Event: 72.267 Thread 0x0000000015fca800 nmethod 16675 0x00000000036cf850 code [0x00000000036cf9a0, 0x00000000036cfb10]
Event: 72.267 Thread 0x0000000015fca800 16676       2       com.android.tools.r8.graph.AccessFlags::isPublic (6 bytes)
Event: 72.268 Thread 0x0000000015fca800 nmethod 16676 0x0000000002d50d90 code [0x0000000002d50ee0, 0x0000000002d51050]
Event: 72.269 Thread 0x0000000015fca800 16677       2       com.android.tools.r8.dex.FileWriter$$Lambda$670/1649039562::get$Lambda (10 bytes)
Event: 72.270 Thread 0x0000000015fca800 nmethod 16677 0x0000000002767850 code [0x00000000027679a0, 0x0000000002767b50]
Event: 72.273 Thread 0x0000000015fbe800 nmethod 16666 0x0000000003a95050 code [0x0000000003a95260, 0x0000000003a95b18]
Event: 72.273 Thread 0x0000000015fbe800 16670       4       com.android.tools.r8.graph.DexAnnotationDirectory::<init> (281 bytes)
Event: 72.278 Thread 0x0000000015fca800 16679       2       com.android.tools.r8.dex.FileWriter::sortDexCodesByClassName (102 bytes)
Event: 72.279 Thread 0x0000000015fca800 nmethod 16679 0x0000000003724110 code [0x00000000037242e0, 0x00000000037249e8]

GC Heap History (10 events):
Event: 54.148 GC heap before
{Heap before GC invocations=19 (full 3):
 PSYoungGen      total 248832K, used 248825K [0x00000000e0000000, 0x00000000f5c00000, 0x0000000100000000)
  eden space 228864K, 100% used [0x00000000e0000000,0x00000000edf80000,0x00000000edf80000)
  from space 19968K, 99% used [0x00000000edf80000,0x00000000ef2fe410,0x00000000ef300000)
  to   space 27136K, 0% used [0x00000000f4180000,0x00000000f4180000,0x00000000f5c00000)
 ParOldGen       total 98304K, used 56907K [0x00000000a0000000, 0x00000000a6000000, 0x00000000e0000000)
  object space 98304K, 57% used [0x00000000a0000000,0x00000000a3792f68,0x00000000a6000000)
 Metaspace       used 77469K, capacity 79498K, committed 79616K, reserved 1118208K
  class space    used 10156K, capacity 10684K, committed 10752K, reserved 1048576K
Event: 54.229 GC heap after
Heap after GC invocations=19 (full 3):
 PSYoungGen      total 312832K, used 27112K [0x00000000e0000000, 0x00000000f7c00000, 0x0000000100000000)
  eden space 285696K, 0% used [0x00000000e0000000,0x00000000e0000000,0x00000000f1700000)
  from space 27136K, 99% used [0x00000000f4180000,0x00000000f5bfa268,0x00000000f5c00000)
  to   space 43520K, 0% used [0x00000000f1700000,0x00000000f1700000,0x00000000f4180000)
 ParOldGen       total 98304K, used 89014K [0x00000000a0000000, 0x00000000a6000000, 0x00000000e0000000)
  object space 98304K, 90% used [0x00000000a0000000,0x00000000a56eda18,0x00000000a6000000)
 Metaspace       used 77469K, capacity 79498K, committed 79616K, reserved 1118208K
  class space    used 10156K, capacity 10684K, committed 10752K, reserved 1048576K
}
Event: 54.229 GC heap before
{Heap before GC invocations=20 (full 4):
 PSYoungGen      total 312832K, used 27112K [0x00000000e0000000, 0x00000000f7c00000, 0x0000000100000000)
  eden space 285696K, 0% used [0x00000000e0000000,0x00000000e0000000,0x00000000f1700000)
  from space 27136K, 99% used [0x00000000f4180000,0x00000000f5bfa268,0x00000000f5c00000)
  to   space 43520K, 0% used [0x00000000f1700000,0x00000000f1700000,0x00000000f4180000)
 ParOldGen       total 98304K, used 89014K [0x00000000a0000000, 0x00000000a6000000, 0x00000000e0000000)
  object space 98304K, 90% used [0x00000000a0000000,0x00000000a56eda18,0x00000000a6000000)
 Metaspace       used 77469K, capacity 79498K, committed 79616K, reserved 1118208K
  class space    used 10156K, capacity 10684K, committed 10752K, reserved 1048576K
Event: 54.642 GC heap after
Heap after GC invocations=20 (full 4):
 PSYoungGen      total 312832K, used 0K [0x00000000e0000000, 0x00000000f7c00000, 0x0000000100000000)
  eden space 285696K, 0% used [0x00000000e0000000,0x00000000e0000000,0x00000000f1700000)
  from space 27136K, 0% used [0x00000000f4180000,0x00000000f4180000,0x00000000f5c00000)
  to   space 43520K, 0% used [0x00000000f1700000,0x00000000f1700000,0x00000000f4180000)
 ParOldGen       total 172544K, used 97370K [0x00000000a0000000, 0x00000000aa880000, 0x00000000e0000000)
  object space 172544K, 56% used [0x00000000a0000000,0x00000000a5f16850,0x00000000aa880000)
 Metaspace       used 77469K, capacity 79498K, committed 79616K, reserved 1118208K
  class space    used 10156K, capacity 10684K, committed 10752K, reserved 1048576K
}
Event: 67.562 GC heap before
{Heap before GC invocations=21 (full 4):
 PSYoungGen      total 312832K, used 285696K [0x00000000e0000000, 0x00000000f7c00000, 0x0000000100000000)
  eden space 285696K, 100% used [0x00000000e0000000,0x00000000f1700000,0x00000000f1700000)
  from space 27136K, 0% used [0x00000000f4180000,0x00000000f4180000,0x00000000f5c00000)
  to   space 43520K, 0% used [0x00000000f1700000,0x00000000f1700000,0x00000000f4180000)
 ParOldGen       total 172544K, used 97370K [0x00000000a0000000, 0x00000000aa880000, 0x00000000e0000000)
  object space 172544K, 56% used [0x00000000a0000000,0x00000000a5f16850,0x00000000aa880000)
 Metaspace       used 87495K, capacity 90392K, committed 90624K, reserved 1128448K
  class space    used 11310K, capacity 11947K, committed 12032K, reserved 1048576K
Event: 67.601 GC heap after
Heap after GC invocations=21 (full 4):
 PSYoungGen      total 329216K, used 24699K [0x00000000e0000000, 0x00000000fa480000, 0x0000000100000000)
  eden space 285696K, 0% used [0x00000000e0000000,0x00000000e0000000,0x00000000f1700000)
  from space 43520K, 56% used [0x00000000f1700000,0x00000000f2f1efe8,0x00000000f4180000)
  to   space 44544K, 0% used [0x00000000f7900000,0x00000000f7900000,0x00000000fa480000)
 ParOldGen       total 172544K, used 97378K [0x00000000a0000000, 0x00000000aa880000, 0x00000000e0000000)
  object space 172544K, 56% used [0x00000000a0000000,0x00000000a5f18850,0x00000000aa880000)
 Metaspace       used 87495K, capacity 90392K, committed 90624K, reserved 1128448K
  class space    used 11310K, capacity 11947K, committed 12032K, reserved 1048576K
}
Event: 71.240 GC heap before
{Heap before GC invocations=22 (full 4):
 PSYoungGen      total 329216K, used 310184K [0x00000000e0000000, 0x00000000fa480000, 0x0000000100000000)
  eden space 285696K, 99% used [0x00000000e0000000,0x00000000f16cb050,0x00000000f1700000)
  from space 43520K, 56% used [0x00000000f1700000,0x00000000f2f1efe8,0x00000000f4180000)
  to   space 44544K, 0% used [0x00000000f7900000,0x00000000f7900000,0x00000000fa480000)
 ParOldGen       total 172544K, used 97378K [0x00000000a0000000, 0x00000000aa880000, 0x00000000e0000000)
  object space 172544K, 56% used [0x00000000a0000000,0x00000000a5f18850,0x00000000aa880000)
 Metaspace       used 88508K, capacity 91460K, committed 91776K, reserved 1128448K
  class space    used 11417K, capacity 12065K, committed 12160K, reserved 1048576K
Event: 71.380 GC heap after
Heap after GC invocations=22 (full 4):
 PSYoungGen      total 358400K, used 44530K [0x00000000e0000000, 0x00000000fe200000, 0x0000000100000000)
  eden space 313856K, 0% used [0x00000000e0000000,0x00000000e0000000,0x00000000f3280000)
  from space 44544K, 99% used [0x00000000f7900000,0x00000000fa47cb38,0x00000000fa480000)
  to   space 72192K, 0% used [0x00000000f3280000,0x00000000f3280000,0x00000000f7900000)
 ParOldGen       total 172544K, used 151683K [0x00000000a0000000, 0x00000000aa880000, 0x00000000e0000000)
  object space 172544K, 87% used [0x00000000a0000000,0x00000000a9420ed0,0x00000000aa880000)
 Metaspace       used 88508K, capacity 91460K, committed 91776K, reserved 1128448K
  class space    used 11417K, capacity 12065K, committed 12160K, reserved 1048576K
}
Event: 71.380 GC heap before
{Heap before GC invocations=23 (full 5):
 PSYoungGen      total 358400K, used 44530K [0x00000000e0000000, 0x00000000fe200000, 0x0000000100000000)
  eden space 313856K, 0% used [0x00000000e0000000,0x00000000e0000000,0x00000000f3280000)
  from space 44544K, 99% used [0x00000000f7900000,0x00000000fa47cb38,0x00000000fa480000)
  to   space 72192K, 0% used [0x00000000f3280000,0x00000000f3280000,0x00000000f7900000)
 ParOldGen       total 172544K, used 151683K [0x00000000a0000000, 0x00000000aa880000, 0x00000000e0000000)
  object space 172544K, 87% used [0x00000000a0000000,0x00000000a9420ed0,0x00000000aa880000)
 Metaspace       used 88508K, capacity 91460K, committed 91776K, reserved 1128448K
  class space    used 11417K, capacity 12065K, committed 12160K, reserved 1048576K
Event: 72.135 GC heap after
Heap after GC invocations=23 (full 5):
 PSYoungGen      total 358400K, used 0K [0x00000000e0000000, 0x00000000fe200000, 0x0000000100000000)
  eden space 313856K, 0% used [0x00000000e0000000,0x00000000e0000000,0x00000000f3280000)
  from space 44544K, 0% used [0x00000000f7900000,0x00000000f7900000,0x00000000fa480000)
  to   space 72192K, 0% used [0x00000000f3280000,0x00000000f3280000,0x00000000f7900000)
 ParOldGen       total 172544K, used 137605K [0x00000000a0000000, 0x00000000aa880000, 0x00000000e0000000)
  object space 172544K, 79% used [0x00000000a0000000,0x00000000a8661550,0x00000000aa880000)
 Metaspace       used 88388K, capacity 91114K, committed 91776K, reserved 1128448K
  class space    used 11376K, capacity 11994K, committed 12160K, reserved 1048576K
}

Deoptimization events (10 events):
Event: 72.369 Thread 0x000000001e03e000 Uncommon trap: reason=array_check action=maybe_recompile pc=0x00000000053edf0c method=java.util.TimSort.mergeLo(IIII)V @ 81
Event: 72.369 Thread 0x000000001e03e000 Uncommon trap: reason=array_check action=maybe_recompile pc=0x00000000053e5394 method=java.util.TimSort.mergeHi(IIII)V @ 101
Event: 72.369 Thread 0x000000001e03e000 Uncommon trap: reason=array_check action=maybe_recompile pc=0x00000000053e5394 method=java.util.TimSort.mergeHi(IIII)V @ 101
Event: 72.369 Thread 0x000000001e03e000 Uncommon trap: reason=array_check action=maybe_recompile pc=0x00000000053e5394 method=java.util.TimSort.mergeHi(IIII)V @ 101
Event: 72.369 Thread 0x000000001e03e000 Uncommon trap: reason=array_check action=maybe_recompile pc=0x00000000053edf0c method=java.util.TimSort.mergeLo(IIII)V @ 81
Event: 72.369 Thread 0x000000001e03e000 Uncommon trap: reason=array_check action=maybe_recompile pc=0x00000000053edf0c method=java.util.TimSort.mergeLo(IIII)V @ 81
Event: 72.370 Thread 0x000000001e03e000 Uncommon trap: reason=array_check action=maybe_recompile pc=0x000000000538fd38 method=java.util.TimSort.mergeLo(IIII)V @ 212
Event: 72.376 Thread 0x000000001e03e000 Uncommon trap: reason=array_check action=maybe_recompile pc=0x000000000538fd38 method=java.util.TimSort.mergeLo(IIII)V @ 212
Event: 72.382 Thread 0x000000001e03e000 Uncommon trap: reason=array_check action=maybe_recompile pc=0x000000000538b114 method=java.util.TimSort.mergeHi(IIII)V @ 250
Event: 72.394 Thread 0x000000001e03e000 Uncommon trap: reason=array_check action=maybe_recompile pc=0x000000000538b114 method=java.util.TimSort.mergeHi(IIII)V @ 250

Classes redefined (0 events):
No events

Internal exceptions (10 events):
Event: 68.237 Thread 0x000000001caf8000 Exception <a 'sun/nio/fs/WindowsException'> (0x00000000e18879a8) thrown at [D:\src\AOSP-openjdk-cygwin\jdk8u\hotspot\src\share\vm\prims\jni.cpp, line 709]
Event: 68.248 Thread 0x000000001caf8000 Exception <a 'sun/nio/fs/WindowsException'> (0x00000000e18cd4d0) thrown at [D:\src\AOSP-openjdk-cygwin\jdk8u\hotspot\src\share\vm\prims\jni.cpp, line 709]
Event: 68.259 Thread 0x000000001caf8000 Exception <a 'sun/nio/fs/WindowsException'> (0x00000000e1912a48) thrown at [D:\src\AOSP-openjdk-cygwin\jdk8u\hotspot\src\share\vm\prims\jni.cpp, line 709]
Event: 68.269 Thread 0x000000001caf8000 Exception <a 'sun/nio/fs/WindowsException'> (0x00000000e1959b28) thrown at [D:\src\AOSP-openjdk-cygwin\jdk8u\hotspot\src\share\vm\prims\jni.cpp, line 709]
Event: 68.579 Thread 0x000000001caec800 Exception <a 'sun/nio/fs/WindowsException'> (0x00000000e1b9f9d0) thrown at [D:\src\AOSP-openjdk-cygwin\jdk8u\hotspot\src\share\vm\prims\jni.cpp, line 709]
Event: 69.012 Thread 0x000000001caec800 Exception <a 'sun/nio/fs/WindowsException'> (0x00000000e4c1b8f8) thrown at [D:\src\AOSP-openjdk-cygwin\jdk8u\hotspot\src\share\vm\prims\jni.cpp, line 709]
Event: 69.344 Thread 0x000000001e03b000 Implicit null exception at 0x00000000032b8aaf to 0x00000000032b8ba1
Event: 69.344 Thread 0x000000001e03a800 Implicit null exception at 0x00000000032b8aaf to 0x00000000032b8ba1
Event: 69.344 Thread 0x000000001e03f800 Implicit null exception at 0x00000000032b8aaf to 0x00000000032b8ba1
Event: 71.187 Thread 0x000000001e03e000 Implicit null exception at 0x0000000004a77f8f to 0x0000000004a780f1

Events (10 events):
Event: 72.370 Thread 0x000000001e03e000 DEOPT UNPACKING pc=0x000000000269557b sp=0x000000002821f078 mode 2
Event: 72.376 Thread 0x000000001e03e000 Uncommon trap: trap_request=0xffffffd6 fr.pc=0x000000000538fd38
Event: 72.376 Thread 0x000000001e03e000 DEOPT PACKING pc=0x000000000538fd38 sp=0x000000002821f080
Event: 72.376 Thread 0x000000001e03e000 DEOPT UNPACKING pc=0x000000000269557b sp=0x000000002821f078 mode 2
Event: 72.382 Thread 0x000000001e03e000 Uncommon trap: trap_request=0xffffffd6 fr.pc=0x000000000538b114
Event: 72.382 Thread 0x000000001e03e000 DEOPT PACKING pc=0x000000000538b114 sp=0x000000002821f070
Event: 72.382 Thread 0x000000001e03e000 DEOPT UNPACKING pc=0x000000000269557b sp=0x000000002821f070 mode 2
Event: 72.394 Thread 0x000000001e03e000 Uncommon trap: trap_request=0xffffffd6 fr.pc=0x000000000538b114
Event: 72.394 Thread 0x000000001e03e000 DEOPT PACKING pc=0x000000000538b114 sp=0x000000002821f070
Event: 72.394 Thread 0x000000001e03e000 DEOPT UNPACKING pc=0x000000000269557b sp=0x000000002821f070 mode 2


Dynamic libraries:
0x00007ff666700000 - 0x00007ff666731000 	C:\Program Files\Android\Android Studio\jre\bin\java.exe
0x00007ffebada0000 - 0x00007ffebaf81000 	C:\WINDOWS\SYSTEM32\ntdll.dll
0x00007ffeb86f0000 - 0x00007ffeb87a2000 	C:\WINDOWS\System32\KERNEL32.DLL
0x00007ffeb7170000 - 0x00007ffeb73e3000 	C:\WINDOWS\System32\KERNELBASE.dll
0x00007ffebaac0000 - 0x00007ffebab61000 	C:\WINDOWS\System32\ADVAPI32.dll
0x00007ffebaa10000 - 0x00007ffebaaae000 	C:\WINDOWS\System32\msvcrt.dll
0x00007ffeb9c50000 - 0x00007ffeb9cab000 	C:\WINDOWS\System32\sechost.dll
0x00007ffeba8c0000 - 0x00007ffeba9e4000 	C:\WINDOWS\System32\RPCRT4.dll
0x00007ffeb9d60000 - 0x00007ffeb9ef0000 	C:\WINDOWS\System32\USER32.dll
0x00007ffeb81c0000 - 0x00007ffeb81e0000 	C:\WINDOWS\System32\win32u.dll
0x00007ffeba4d0000 - 0x00007ffeba4f8000 	C:\WINDOWS\System32\GDI32.dll
0x00007ffeb75e0000 - 0x00007ffeb7772000 	C:\WINDOWS\System32\gdi32full.dll
0x00007ffeb7e90000 - 0x00007ffeb7f2f000 	C:\WINDOWS\System32\msvcp_win.dll
0x00007ffeb7f30000 - 0x00007ffeb802a000 	C:\WINDOWS\System32\ucrtbase.dll
0x00007ffea6a40000 - 0x00007ffea6ca9000 	C:\WINDOWS\WinSxS\amd64_microsoft.windows.common-controls_6595b64144ccf1df_6.0.17134.523_none_fb409dd930672a56\COMCTL32.dll
0x00007ffeb82d0000 - 0x00007ffeb85f2000 	C:\WINDOWS\System32\combase.dll
0x00007ffeb8090000 - 0x00007ffeb810a000 	C:\WINDOWS\System32\bcryptPrimitives.dll
0x00007ffeb8230000 - 0x00007ffeb825d000 	C:\WINDOWS\System32\IMM32.DLL
0x0000000057dd0000 - 0x0000000057ea2000 	C:\Program Files\Android\Android Studio\jre\jre\bin\msvcr100.dll
0x0000000057eb0000 - 0x00000000586f1000 	C:\Program Files\Android\Android Studio\jre\jre\bin\server\jvm.dll
0x00007ffebaab0000 - 0x00007ffebaab8000 	C:\WINDOWS\System32\PSAPI.DLL
0x00007ffea9280000 - 0x00007ffea9289000 	C:\WINDOWS\SYSTEM32\WSOCK32.dll
0x00007ffeb5220000 - 0x00007ffeb5243000 	C:\WINDOWS\SYSTEM32\WINMM.dll
0x00007ffeb8260000 - 0x00007ffeb82cc000 	C:\WINDOWS\System32\WS2_32.dll
0x00007ffea8e60000 - 0x00007ffea8e6a000 	C:\WINDOWS\SYSTEM32\VERSION.dll
0x00007ffeb4dd0000 - 0x00007ffeb4dfa000 	C:\WINDOWS\SYSTEM32\WINMMBASE.dll
0x00007ffeb81e0000 - 0x00007ffeb8229000 	C:\WINDOWS\System32\cfgmgr32.dll
0x00007ffeb3a40000 - 0x00007ffeb3a4f000 	C:\Program Files\Android\Android Studio\jre\jre\bin\verify.dll
0x00007ffeacb10000 - 0x00007ffeacb39000 	C:\Program Files\Android\Android Studio\jre\jre\bin\java.dll
0x00007ffeb2380000 - 0x00007ffeb2396000 	C:\Program Files\Android\Android Studio\jre\jre\bin\zip.dll
0x00007ffeb87b0000 - 0x00007ffeb9bf0000 	C:\WINDOWS\System32\SHELL32.dll
0x00007ffeb9cb0000 - 0x00007ffeb9d59000 	C:\WINDOWS\System32\shcore.dll
0x00007ffeb7780000 - 0x00007ffeb7e8d000 	C:\WINDOWS\System32\windows.storage.dll
0x00007ffeba860000 - 0x00007ffeba8b1000 	C:\WINDOWS\System32\shlwapi.dll
0x00007ffeb7130000 - 0x00007ffeb7141000 	C:\WINDOWS\System32\kernel.appcore.dll
0x00007ffeb70b0000 - 0x00007ffeb70cf000 	C:\WINDOWS\System32\profapi.dll
0x00007ffeb70e0000 - 0x00007ffeb712c000 	C:\WINDOWS\System32\powrprof.dll
0x00007ffeb70d0000 - 0x00007ffeb70da000 	C:\WINDOWS\System32\FLTLIB.DLL
0x00007ffeb1400000 - 0x00007ffeb141a000 	C:\Program Files\Android\Android Studio\jre\jre\bin\net.dll
0x00007ffeb68d0000 - 0x00007ffeb6936000 	C:\WINDOWS\system32\mswsock.dll
0x00007ffeaea70000 - 0x00007ffeaea81000 	C:\Program Files\Android\Android Studio\jre\jre\bin\nio.dll
0x00007ffea38c0000 - 0x00007ffea38de000 	C:\Users\Zahid\.gradle\native\25\windows-amd64\native-platform.dll
0x00007ffeb0b10000 - 0x00007ffeb0b1d000 	C:\Program Files\Android\Android Studio\jre\jre\bin\management.dll
0x00007ffeb6a80000 - 0x00007ffeb6a97000 	C:\WINDOWS\SYSTEM32\CRYPTSP.dll
0x00007ffeb64b0000 - 0x00007ffeb64e3000 	C:\WINDOWS\system32\rsaenh.dll
0x00007ffeb6c10000 - 0x00007ffeb6c35000 	C:\WINDOWS\SYSTEM32\bcrypt.dll
0x00007ffeb6fb0000 - 0x00007ffeb6fd8000 	C:\WINDOWS\SYSTEM32\USERENV.dll
0x00007ffeb6aa0000 - 0x00007ffeb6aab000 	C:\WINDOWS\SYSTEM32\CRYPTBASE.dll
0x00007ffeb6650000 - 0x00007ffeb6688000 	C:\WINDOWS\SYSTEM32\IPHLPAPI.DLL
0x00007ffeb9ef0000 - 0x00007ffeb9ef8000 	C:\WINDOWS\System32\NSI.dll
0x00007ffeaf820000 - 0x00007ffeaf836000 	C:\WINDOWS\SYSTEM32\dhcpcsvc6.DLL
0x00007ffeaf440000 - 0x00007ffeaf45a000 	C:\WINDOWS\SYSTEM32\dhcpcsvc.DLL
0x00007ffea3090000 - 0x00007ffea3227000 	C:\Program Files\Android\Android Studio\jre\jre\bin\awt.dll
0x00007ffeb9f10000 - 0x00007ffeb9fd2000 	C:\WINDOWS\System32\OLEAUT32.dll
0x00007ffeb4660000 - 0x00007ffeb4c27000 	C:\WINDOWS\SYSTEM32\d2d1.dll
0x00007ffeb5440000 - 0x00007ffeb54cb000 	C:\WINDOWS\SYSTEM32\apphelp.dll
0x00007ffeb5840000 - 0x00007ffeb5869000 	C:\WINDOWS\system32\DWMAPI.DLL
0x00007ffeb56c0000 - 0x00007ffeb5758000 	C:\WINDOWS\system32\uxtheme.dll
0x00007ffeb61a0000 - 0x00007ffeb61d1000 	C:\WINDOWS\SYSTEM32\ntmarta.dll

VM Arguments:
jvm_args: -Xmx1536m -Dfile.encoding=windows-1252 -Duser.country=US -Duser.language=en -Duser.variant 
java_command: org.gradle.launcher.daemon.bootstrap.GradleDaemon 4.6
java_class_path (initial): C:\Users\Zahid\.gradle\wrapper\dists\gradle-4.6-all\bcst21l2brirad8k2ben1letg\gradle-4.6\lib\gradle-launcher-4.6.jar
Launcher Type: SUN_STANDARD

Environment Variables:
PATH=C:\app\Zahid\product\11.2.0\dbhome_1\bin;C:\Program Files (x86)\Common Files\Oracle\Java\javapath;"C:\Program Files (x86)\Common Files\Oracle\Java\javapath;";C:\WINDOWS\system32;C:\WINDOWS;C:\WINDOWS\System32\Wbem;C:\WINDOWS\System32\WindowsPowerShell\v1.0\;;C:\WINDOWS\System32\OpenSSH\;C:\Program Files\Java\jdk1.8.0_191\bin;%USERPROFILE%\AppData\Local\Microsoft\WindowsApps;
USERNAME=Zahid
OS=Windows_NT
PROCESSOR_IDENTIFIER=Intel64 Family 6 Model 42 Stepping 7, GenuineIntel



---------------  S Y S T E M  ---------------

OS: Windows 10.0 , 64 bit Build 17134 (10.0.17134.1)

CPU:total 4 (initial active 4) (2 cores per cpu, 2 threads per core) family 6 model 42 stepping 7, cmov, cx8, fxsr, mmx, sse, sse2, sse3, ssse3, sse4.1, sse4.2, popcnt, avx, aes, clmul, ht, tsc, tscinvbit

Memory: 4k page, physical 4106392k(609924k free), swap 6203544k(5748k free)

vm_info: OpenJDK 64-Bit Server VM (25.152-b06) for windows-amd64 JRE (1.8.0_152-release-1136-b06), built by "builder" with MS VC++ 10.0 (VS2010)

time: Thu Jan 17 17:25:46 2019
elapsed time: 72 seconds (0d 0h 1m 12s)

