#
# There is insufficient memory for the Java Runtime Environment to continue.
# Native memory allocation (malloc) failed to allocate 682736 bytes for Chunk::new
# Possible reasons:
#   The system is out of physical RAM or swap space
#   In 32 bit mode, the process size limit was hit
# Possible solutions:
#   Reduce memory load on the system
#   Increase physical memory or swap space
#   Check if swap backing store is full
#   Use 64 bit Java on a 64 bit OS
#   Decrease Java heap size (-Xmx/-Xms)
#   Decrease number of Java threads
#   Decrease Java thread stack sizes (-Xss)
#   Set larger code cache with -XX:ReservedCodeCacheSize=
# This output file may be truncated or incomplete.
#
#  Out of Memory Error (allocation.cpp:390), pid=4820, tid=0x0000000000002660
#
# JRE version: OpenJDK Runtime Environment (8.0_152-b06) (build 1.8.0_152-release-1136-b06)
# Java VM: OpenJDK 64-Bit Server VM (25.152-b06 mixed mode windows-amd64 compressed oops)
# Failed to write core dump. Minidumps are not enabled by default on client versions of Windows
#

---------------  T H R E A D  ---------------

Current thread (0x0000000015f37800):  JavaThread "C2 CompilerThread0" daemon [_thread_in_native, id=9824, stack(0x0000000017580000,0x0000000017680000)]

Stack: [0x0000000017580000,0x0000000017680000]
[error occurred during error reporting (printing stack bounds), id 0xc0000005]

Native frames: (J=compiled Java code, j=interpreted, Vv=VM code, C=native code)


Current CompileTask:
C2:1264424 20014       4       com.android.tools.r8.ir.regalloc.LinearScanRegisterAllocator::allocateSingleInterval (797 bytes)


---------------  P R O C E S S  ---------------

Java Threads: ( => current thread )
  0x000000001b246800 JavaThread "ForkJoinPool.commonPool-worker-2" daemon [_thread_in_Java, id=7680, stack(0x0000000029090000,0x0000000029190000)]
  0x000000001b244800 JavaThread "ForkJoinPool.commonPool-worker-0" daemon [_thread_in_vm, id=6684, stack(0x0000000028d90000,0x0000000028e90000)]
  0x000000001b243000 JavaThread "ForkJoinPool.commonPool-worker-3" daemon [_thread_in_Java, id=8332, stack(0x0000000028c90000,0x0000000028d90000)]
  0x000000001b23e800 JavaThread "Cache worker for Java compile cache (G:\Android Projects\StatusSaver-for-Whatsapp-master\.gradle\4.6\javaCompile)" [_thread_blocked, id=2640, stack(0x0000000028990000,0x0000000028a90000)]
  0x000000001b243800 JavaThread "stdout" [_thread_in_native, id=2548, stack(0x0000000028890000,0x0000000028990000)]
  0x000000001e87b800 JavaThread "stderr" [_thread_in_native, id=9560, stack(0x0000000028790000,0x0000000028890000)]
  0x000000001e881000 JavaThread "pool-9-thread-1" [_thread_blocked, id=9652, stack(0x0000000028690000,0x0000000028790000)]
  0x000000001e87f800 JavaThread "Task worker for ':' Thread 3" [_thread_blocked, id=8756, stack(0x0000000028490000,0x0000000028590000)]
  0x000000001e87e000 JavaThread "Task worker for ':' Thread 2" [_thread_blocked, id=9568, stack(0x0000000028390000,0x0000000028490000)]
  0x000000001e87d000 JavaThread "Task worker for ':'" [_thread_blocked, id=1248, stack(0x0000000028290000,0x0000000028390000)]
  0x000000001ce16800 JavaThread "Cache worker for Build Output Cleanup Cache (G:\Android Projects\StatusSaver-for-Whatsapp-master\.gradle\buildOutputCleanup)" [_thread_blocked, id=7160, stack(0x0000000028190000,0x0000000028290000)]
  0x000000001ce17800 JavaThread "Cache worker for task history cache (G:\Android Projects\StatusSaver-for-Whatsapp-master\.gradle\4.6\taskHistory)" [_thread_blocked, id=8140, stack(0x0000000028090000,0x0000000028190000)]
  0x000000001ce16000 JavaThread "Cache worker for file content cache (G:\Android Projects\StatusSaver-for-Whatsapp-master\.gradle\4.6\fileContent)" [_thread_blocked, id=4516, stack(0x0000000027f90000,0x0000000028090000)]
  0x000000001ce14800 JavaThread "Build operations Thread 4" [_thread_blocked, id=3696, stack(0x0000000027e90000,0x0000000027f90000)]
  0x000000001ce15000 JavaThread "Build operations Thread 3" [_thread_blocked, id=8536, stack(0x0000000027d90000,0x0000000027e90000)]
  0x000000001ce0c000 JavaThread "Build operations Thread 2" [_thread_blocked, id=10152, stack(0x0000000027c90000,0x0000000027d90000)]
  0x000000001ce13000 JavaThread "Build operations" [_thread_blocked, id=1088, stack(0x0000000027b90000,0x0000000027c90000)]
  0x000000001ce11800 JavaThread "Cache worker for Artifact transforms cache (C:\Users\Zahid\.gradle\caches\transforms-1)" [_thread_blocked, id=9444, stack(0x0000000027a90000,0x0000000027b90000)]
  0x000000001ce10800 JavaThread "Cache worker for file hash cache (G:\Android Projects\StatusSaver-for-Whatsapp-master\.gradle\4.6\fileHashes)" [_thread_blocked, id=5472, stack(0x0000000027990000,0x0000000027a90000)]
  0x000000001ce0a800 JavaThread "Asynchronous log dispatcher for DefaultDaemonConnection: socket connection from /127.0.0.1:50639 to /127.0.0.1:51241" [_thread_blocked, id=5460, stack(0x0000000027790000,0x0000000027890000)]
  0x000000001ce0f000 JavaThread "Daemon worker Thread 4" [_thread_blocked, id=4144, stack(0x0000000027690000,0x0000000027790000)]
  0x000000001ce0b800 JavaThread "Cancel handler" [_thread_blocked, id=2348, stack(0x0000000027590000,0x0000000027690000)]
  0x000000001ce0e800 JavaThread "Handler for socket connection from /127.0.0.1:50639 to /127.0.0.1:51241" [_thread_in_native, id=2716, stack(0x0000000027490000,0x0000000027590000)]
  0x000000001ce0a000 JavaThread "Daemon Thread 4" [_thread_blocked, id=7972, stack(0x0000000027390000,0x0000000027490000)]
  0x000000001ce10000 JavaThread "pool-1-thread-1" [_thread_blocked, id=7732, stack(0x0000000023190000,0x0000000023290000)]
  0x000000001e87e800 JavaThread "Memory manager" [_thread_blocked, id=9712, stack(0x0000000020670000,0x0000000020770000)]
  0x00000000192b9000 JavaThread "File lock request listener" [_thread_in_native, id=9812, stack(0x000000001a9d0000,0x000000001aad0000)]
  0x000000001907f000 JavaThread "Cache worker for file hash cache (C:\Users\Zahid\.gradle\caches\4.6\fileHashes)" [_thread_blocked, id=9660, stack(0x000000001a8d0000,0x000000001a9d0000)]
  0x0000000018fd8800 JavaThread "Daemon periodic checks" [_thread_blocked, id=9804, stack(0x0000000019dd0000,0x0000000019ed0000)]
  0x0000000018fb8800 JavaThread "Incoming local TCP Connector on port 50639" [_thread_in_native, id=9088, stack(0x0000000019b90000,0x0000000019c90000)]
  0x00000000178b0800 JavaThread "Service Thread" daemon [_thread_blocked, id=9800, stack(0x0000000017c80000,0x0000000017d80000)]
  0x0000000015f42800 JavaThread "C1 CompilerThread2" daemon [_thread_in_vm, id=9916, stack(0x0000000017780000,0x0000000017880000)]
  0x0000000015f3f000 JavaThread "C2 CompilerThread1" daemon [_thread_in_native, id=8604, stack(0x0000000017680000,0x0000000017780000)]
=>0x0000000015f37800 JavaThread "C2 CompilerThread0" daemon [_thread_in_native, id=9824, stack(0x0000000017580000,0x0000000017680000)]
  0x0000000015f47000 JavaThread "Attach Listener" daemon [_thread_blocked, id=10116, stack(0x0000000017480000,0x0000000017580000)]
  0x0000000015f46000 JavaThread "Signal Dispatcher" daemon [_thread_blocked, id=10108, stack(0x0000000017380000,0x0000000017480000)]
  0x00000000025cc000 JavaThread "Finalizer" daemon [_thread_blocked, id=9076, stack(0x0000000017190000,0x0000000017290000)]
  0x00000000025c1000 JavaThread "Reference Handler" daemon [_thread_blocked, id=8580, stack(0x0000000017090000,0x0000000017190000)]
  0x00000000023cd800 JavaThread "main" [_thread_blocked, id=9048, stack(0x00000000023d0000,0x00000000024d0000)]

Other Threads:
  0x0000000015f05800 VMThread [stack: 0x0000000016f90000,0x0000000017090000] [id=9296]
  0x00000000178b1000 WatcherThread [stack: 0x0000000017d80000,0x0000000017e80000] [id=9084]

VM state:not at safepoint (normal execution)

VM Mutex/Monitor currently owned by a thread: None

Heap:
 PSYoungGen      total 294400K, used 148291K [0x00000000e0000000, 0x00000000f5180000, 0x0000000100000000)
  eden space 251392K, 57% used [0x00000000e0000000,0x00000000e8c12fd8,0x00000000ef580000)
  from space 43008K, 11% used [0x00000000f2780000,0x00000000f2c3df88,0x00000000f5180000)
  to   space 47104K, 0% used [0x00000000ef580000,0x00000000ef580000,0x00000000f2380000)
 ParOldGen       total 104960K, used 79199K [0x00000000a0000000, 0x00000000a6680000, 0x00000000e0000000)
  object space 104960K, 75% used [0x00000000a0000000,0x00000000a4d57f38,0x00000000a6680000)
 Metaspace       used 103254K, capacity 107852K, committed 108120K, reserved 1146880K
  class space    used 13232K, capacity 14292K, committed 14424K, reserved 1048576K

Card table byte_map: [0x0000000011990000,0x0000000011ca0000] byte_map_base: 0x0000000011490000

Marking Bits: (ParMarkBitMap*) 0x0000000058675aa0
 Begin Bits: [0x00000000122a0000, 0x0000000013aa0000)
 End Bits:   [0x0000000013aa0000, 0x00000000152a0000)

Polling page: 0x0000000002210000

CodeCache: size=245760Kb used=56750Kb max_used=56750Kb free=189009Kb
 bounds [0x00000000025d0000, 0x0000000005d90000, 0x00000000115d0000]
 total_blobs=17174 nmethods=16272 adapters=813
 compilation: enabled

Compilation events (10 events):
Event: 1263.955 Thread 0x0000000015f42800 20305       2       java.util.LinkedList$ListItr::add (60 bytes)
Event: 1263.956 Thread 0x0000000015f42800 nmethod 20305 0x0000000005d7c190 code [0x0000000005d7c320, 0x0000000005d7c5c8]
Event: 1263.957 Thread 0x0000000015f42800 20306       1       com.android.tools.r8.it.unimi.dsi.fastutil.ints.Int2ReferenceOpenHashMap$MapEntry::getIntKey (13 bytes)
Event: 1263.958 Thread 0x0000000015f42800 nmethod 20306 0x0000000005d7c750 code [0x0000000005d7c8a0, 0x0000000005d7c9d0]
Event: 1263.958 Thread 0x0000000015f42800 20307       2       java.util.AbstractCollection::removeAll (49 bytes)
Event: 1263.959 Thread 0x0000000015f42800 nmethod 20307 0x0000000005d7cad0 code [0x0000000005d7cc80, 0x0000000005d7d018]
Event: 1263.960 Thread 0x0000000015f42800 20308       2       com.android.tools.r8.ir.conversion.DexBuilder$IfInfo::getOffset (5 bytes)
Event: 1263.961 Thread 0x0000000015f42800 nmethod 20308 0x0000000005d7d250 code [0x0000000005d7d3a0, 0x0000000005d7d4f0]
Event: 1263.961 Thread 0x0000000015f42800 20309       2       com.android.tools.r8.ir.conversion.DexBuilder$IfInfo::getBranch (8 bytes)
Event: 1263.961 Thread 0x0000000015f42800 nmethod 20309 0x0000000005d7d590 code [0x0000000005d7d6e0, 0x0000000005d7d870]

GC Heap History (10 events):
Event: 1225.122 GC heap before
{Heap before GC invocations=24 (full 3):
 PSYoungGen      total 251904K, used 251872K [0x00000000e0000000, 0x00000000f2800000, 0x0000000100000000)
  eden space 226816K, 100% used [0x00000000e0000000,0x00000000edd80000,0x00000000edd80000)
  from space 25088K, 99% used [0x00000000eff80000,0x00000000f17f80d8,0x00000000f1800000)
  to   space 34816K, 0% used [0x00000000edd80000,0x00000000edd80000,0x00000000eff80000)
 ParOldGen       total 102912K, used 77688K [0x00000000a0000000, 0x00000000a6480000, 0x00000000e0000000)
  object space 102912K, 75% used [0x00000000a0000000,0x00000000a4bde3a8,0x00000000a6480000)
 Metaspace       used 92979K, capacity 96744K, committed 96856K, reserved 1132544K
  class space    used 11946K, capacity 12877K, committed 12888K, reserved 1048576K
Event: 1225.200 GC heap after
Heap after GC invocations=24 (full 3):
 PSYoungGen      total 261632K, used 34797K [0x00000000e0000000, 0x00000000f4e00000, 0x0000000100000000)
  eden space 226816K, 0% used [0x00000000e0000000,0x00000000e0000000,0x00000000edd80000)
  from space 34816K, 99% used [0x00000000edd80000,0x00000000eff7b7f0,0x00000000eff80000)
  to   space 50688K, 0% used [0x00000000f1c80000,0x00000000f1c80000,0x00000000f4e00000)
 ParOldGen       total 104960K, used 104917K [0x00000000a0000000, 0x00000000a6680000, 0x00000000e0000000)
  object space 104960K, 99% used [0x00000000a0000000,0x00000000a66756d0,0x00000000a6680000)
 Metaspace       used 92979K, capacity 96744K, committed 96856K, reserved 1132544K
  class space    used 11946K, capacity 12877K, committed 12888K, reserved 1048576K
}
Event: 1225.200 GC heap before
{Heap before GC invocations=25 (full 4):
 PSYoungGen      total 261632K, used 34797K [0x00000000e0000000, 0x00000000f4e00000, 0x0000000100000000)
  eden space 226816K, 0% used [0x00000000e0000000,0x00000000e0000000,0x00000000edd80000)
  from space 34816K, 99% used [0x00000000edd80000,0x00000000eff7b7f0,0x00000000eff80000)
  to   space 50688K, 0% used [0x00000000f1c80000,0x00000000f1c80000,0x00000000f4e00000)
 ParOldGen       total 104960K, used 104917K [0x00000000a0000000, 0x00000000a6680000, 0x00000000e0000000)
  object space 104960K, 99% used [0x00000000a0000000,0x00000000a66756d0,0x00000000a6680000)
 Metaspace       used 92979K, capacity 96744K, committed 96856K, reserved 1132544K
  class space    used 11946K, capacity 12877K, committed 12888K, reserved 1048576K
Event: 1225.785 GC heap after
Heap after GC invocations=25 (full 4):
 PSYoungGen      total 261632K, used 0K [0x00000000e0000000, 0x00000000f4e00000, 0x0000000100000000)
  eden space 226816K, 0% used [0x00000000e0000000,0x00000000e0000000,0x00000000edd80000)
  from space 34816K, 0% used [0x00000000edd80000,0x00000000edd80000,0x00000000eff80000)
  to   space 50688K, 0% used [0x00000000f1c80000,0x00000000f1c80000,0x00000000f4e00000)
 ParOldGen       total 104960K, used 79175K [0x00000000a0000000, 0x00000000a6680000, 0x00000000e0000000)
  object space 104960K, 75% used [0x00000000a0000000,0x00000000a4d51f38,0x00000000a6680000)
 Metaspace       used 92952K, capacity 96656K, committed 96856K, reserved 1132544K
  class space    used 11938K, capacity 12869K, committed 12888K, reserved 1048576K
}
Event: 1228.264 GC heap before
{Heap before GC invocations=26 (full 4):
 PSYoungGen      total 261632K, used 226426K [0x00000000e0000000, 0x00000000f4e00000, 0x0000000100000000)
  eden space 226816K, 99% used [0x00000000e0000000,0x00000000edd1eaf0,0x00000000edd80000)
  from space 34816K, 0% used [0x00000000edd80000,0x00000000edd80000,0x00000000eff80000)
  to   space 50688K, 0% used [0x00000000f1c80000,0x00000000f1c80000,0x00000000f4e00000)
 ParOldGen       total 104960K, used 79175K [0x00000000a0000000, 0x00000000a6680000, 0x00000000e0000000)
  object space 104960K, 75% used [0x00000000a0000000,0x00000000a4d51f38,0x00000000a6680000)
 Metaspace       used 94177K, capacity 97964K, committed 98136K, reserved 1134592K
  class space    used 12111K, capacity 13045K, committed 13144K, reserved 1048576K
Event: 1228.271 GC heap after
Heap after GC invocations=26 (full 4):
 PSYoungGen      total 291840K, used 3893K [0x00000000e0000000, 0x00000000f4e00000, 0x0000000100000000)
  eden space 241152K, 0% used [0x00000000e0000000,0x00000000e0000000,0x00000000eeb80000)
  from space 50688K, 7% used [0x00000000f1c80000,0x00000000f204d658,0x00000000f4e00000)
  to   space 50176K, 0% used [0x00000000eeb80000,0x00000000eeb80000,0x00000000f1c80000)
 ParOldGen       total 104960K, used 79183K [0x00000000a0000000, 0x00000000a6680000, 0x00000000e0000000)
  object space 104960K, 75% used [0x00000000a0000000,0x00000000a4d53f38,0x00000000a6680000)
 Metaspace       used 94177K, capacity 97964K, committed 98136K, reserved 1134592K
  class space    used 12111K, capacity 13045K, committed 13144K, reserved 1048576K
}
Event: 1240.434 GC heap before
{Heap before GC invocations=27 (full 4):
 PSYoungGen      total 291840K, used 245045K [0x00000000e0000000, 0x00000000f4e00000, 0x0000000100000000)
  eden space 241152K, 100% used [0x00000000e0000000,0x00000000eeb80000,0x00000000eeb80000)
  from space 50688K, 7% used [0x00000000f1c80000,0x00000000f204d658,0x00000000f4e00000)
  to   space 50176K, 0% used [0x00000000eeb80000,0x00000000eeb80000,0x00000000f1c80000)
 ParOldGen       total 104960K, used 79183K [0x00000000a0000000, 0x00000000a6680000, 0x00000000e0000000)
  object space 104960K, 75% used [0x00000000a0000000,0x00000000a4d53f38,0x00000000a6680000)
 Metaspace       used 94678K, capacity 98642K, committed 98776K, reserved 1134592K
  class space    used 12185K, capacity 13144K, committed 13272K, reserved 1048576K
Event: 1240.447 GC heap after
Heap after GC invocations=27 (full 4):
 PSYoungGen      total 291328K, used 6821K [0x00000000e0000000, 0x00000000f5700000, 0x0000000100000000)
  eden space 241152K, 0% used [0x00000000e0000000,0x00000000e0000000,0x00000000eeb80000)
  from space 50176K, 13% used [0x00000000eeb80000,0x00000000ef229738,0x00000000f1c80000)
  to   space 48640K, 0% used [0x00000000f2780000,0x00000000f2780000,0x00000000f5700000)
 ParOldGen       total 104960K, used 79191K [0x00000000a0000000, 0x00000000a6680000, 0x00000000e0000000)
  object space 104960K, 75% used [0x00000000a0000000,0x00000000a4d55f38,0x00000000a6680000)
 Metaspace       used 94678K, capacity 98642K, committed 98776K, reserved 1134592K
  class space    used 12185K, capacity 13144K, committed 13272K, reserved 1048576K
}
Event: 1257.495 GC heap before
{Heap before GC invocations=28 (full 4):
 PSYoungGen      total 291328K, used 247973K [0x00000000e0000000, 0x00000000f5700000, 0x0000000100000000)
  eden space 241152K, 100% used [0x00000000e0000000,0x00000000eeb80000,0x00000000eeb80000)
  from space 50176K, 13% used [0x00000000eeb80000,0x00000000ef229738,0x00000000f1c80000)
  to   space 48640K, 0% used [0x00000000f2780000,0x00000000f2780000,0x00000000f5700000)
 ParOldGen       total 104960K, used 79191K [0x00000000a0000000, 0x00000000a6680000, 0x00000000e0000000)
  object space 104960K, 75% used [0x00000000a0000000,0x00000000a4d55f38,0x00000000a6680000)
 Metaspace       used 95629K, capacity 99650K, committed 99800K, reserved 1136640K
  class space    used 12283K, capacity 13246K, committed 13272K, reserved 1048576K
Event: 1257.504 GC heap after
Heap after GC invocations=28 (full 4):
 PSYoungGen      total 294400K, used 4855K [0x00000000e0000000, 0x00000000f5180000, 0x0000000100000000)
  eden space 251392K, 0% used [0x00000000e0000000,0x00000000e0000000,0x00000000ef580000)
  from space 43008K, 11% used [0x00000000f2780000,0x00000000f2c3df88,0x00000000f5180000)
  to   space 47104K, 0% used [0x00000000ef580000,0x00000000ef580000,0x00000000f2380000)
 ParOldGen       total 104960K, used 79199K [0x00000000a0000000, 0x00000000a6680000, 0x00000000e0000000)
  object space 104960K, 75% used [0x00000000a0000000,0x00000000a4d57f38,0x00000000a6680000)
 Metaspace       used 95629K, capacity 99650K, committed 99800K, reserved 1136640K
  class space    used 12283K, capacity 13246K, committed 13272K, reserved 1048576K
}

Deoptimization events (10 events):
Event: 1263.277 Thread 0x000000001b244800 Uncommon trap: reason=class_check action=maybe_recompile pc=0x00000000027fd268 method=java.util.stream.ReferencePipeline.forEachWithCancel(Ljava/util/Spliterator;Ljava/util/stream/Sink;)V @ 1
Event: 1263.277 Thread 0x000000001b246800 Uncommon trap: reason=class_check action=maybe_recompile pc=0x00000000027fd268 method=java.util.stream.ReferencePipeline.forEachWithCancel(Ljava/util/Spliterator;Ljava/util/stream/Sink;)V @ 1
Event: 1263.337 Thread 0x000000001b244800 Uncommon trap: reason=class_check action=maybe_recompile pc=0x00000000027fd268 method=java.util.stream.ReferencePipeline.forEachWithCancel(Ljava/util/Spliterator;Ljava/util/stream/Sink;)V @ 1
Event: 1263.337 Thread 0x000000001b246800 Uncommon trap: reason=class_check action=maybe_recompile pc=0x00000000027fd268 method=java.util.stream.ReferencePipeline.forEachWithCancel(Ljava/util/Spliterator;Ljava/util/stream/Sink;)V @ 1
Event: 1263.361 Thread 0x000000001b244800 Uncommon trap: reason=bimorphic action=maybe_recompile pc=0x00000000045f85e4 method=java.util.stream.StreamOpFlag.fromCharacteristics(Ljava/util/Spliterator;)I @ 14
Event: 1263.368 Thread 0x000000001b243000 Uncommon trap: reason=unstable_if action=reinterpret pc=0x0000000004a080c0 method=java.util.ArrayDeque.allocateElements(I)V @ 5
Event: 1263.372 Thread 0x000000001b246800 Uncommon trap: reason=bimorphic action=maybe_recompile pc=0x00000000045f85e4 method=java.util.stream.StreamOpFlag.fromCharacteristics(Ljava/util/Spliterator;)I @ 14
Event: 1263.374 Thread 0x000000001b243000 Uncommon trap: reason=bimorphic action=maybe_recompile pc=0x00000000045f85e4 method=java.util.stream.StreamOpFlag.fromCharacteristics(Ljava/util/Spliterator;)I @ 14
Event: 1263.400 Thread 0x000000001b243000 Uncommon trap: reason=bimorphic action=maybe_recompile pc=0x00000000045f85e4 method=java.util.stream.StreamOpFlag.fromCharacteristics(Ljava/util/Spliterator;)I @ 14
Event: 1263.946 Thread 0x000000001b243000 Uncommon trap: reason=unstable_if action=reinterpret pc=0x0000000005b8cdd4 method=com.android.tools.r8.ir.code.Value.needsRegister()Z @ 65

Classes redefined (0 events):
No events

Internal exceptions (10 events):
Event: 1262.607 Thread 0x000000001e87e000 Exception <a 'sun/nio/fs/WindowsException'> (0x00000000e5102f50) thrown at [D:\src\AOSP-openjdk-cygwin\jdk8u\hotspot\src\share\vm\prims\jni.cpp, line 709]
Event: 1262.630 Thread 0x000000001e87e000 Exception <a 'sun/nio/fs/WindowsException'> (0x00000000e512ed98) thrown at [D:\src\AOSP-openjdk-cygwin\jdk8u\hotspot\src\share\vm\prims\jni.cpp, line 709]
Event: 1262.657 Thread 0x000000001e87e000 Exception <a 'sun/nio/fs/WindowsException'> (0x00000000e515b5d0) thrown at [D:\src\AOSP-openjdk-cygwin\jdk8u\hotspot\src\share\vm\prims\jni.cpp, line 709]
Event: 1262.681 Thread 0x000000001e87e000 Exception <a 'sun/nio/fs/WindowsException'> (0x00000000e518bd90) thrown at [D:\src\AOSP-openjdk-cygwin\jdk8u\hotspot\src\share\vm\prims\jni.cpp, line 709]
Event: 1262.705 Thread 0x000000001e87e000 Exception <a 'sun/nio/fs/WindowsException'> (0x00000000e51b75c8) thrown at [D:\src\AOSP-openjdk-cygwin\jdk8u\hotspot\src\share\vm\prims\jni.cpp, line 709]
Event: 1262.727 Thread 0x000000001e87e000 Exception <a 'sun/nio/fs/WindowsException'> (0x00000000e51e46c0) thrown at [D:\src\AOSP-openjdk-cygwin\jdk8u\hotspot\src\share\vm\prims\jni.cpp, line 709]
Event: 1262.779 Thread 0x000000001b243000 Exception <a 'java/lang/NoSuchMethodError': java.lang.Object.lambda$static$0(Ljava/lang/String;)Z> (0x00000000e54a3d60) thrown at [D:\src\AOSP-openjdk-cygwin\jdk8u\hotspot\src\share\vm\interpreter\linkResolver.cpp, line 584]
Event: 1262.852 Thread 0x000000001b243000 Exception <a 'sun/nio/fs/WindowsException'> (0x00000000e5a19b38) thrown at [D:\src\AOSP-openjdk-cygwin\jdk8u\hotspot\src\share\vm\prims\jni.cpp, line 709]
Event: 1262.856 Thread 0x000000001b244800 Exception <a 'sun/nio/fs/WindowsException'> (0x00000000e5aacaa8) thrown at [D:\src\AOSP-openjdk-cygwin\jdk8u\hotspot\src\share\vm\prims\jni.cpp, line 709]
Event: 1262.857 Thread 0x000000001b246800 Exception <a 'sun/nio/fs/WindowsException'> (0x00000000e5ac6a50) thrown at [D:\src\AOSP-openjdk-cygwin\jdk8u\hotspot\src\share\vm\prims\jni.cpp, line 709]

Events (10 events):
Event: 1263.957 loading class com/android/tools/r8/com/google/gson/internal/LinkedTreeMap$1
Event: 1263.957 loading class com/android/tools/r8/com/google/gson/internal/LinkedTreeMap$1 done
Event: 1263.958 loading class com/android/tools/r8/com/google/gson/internal/LinkedTreeMap$Node
Event: 1263.958 loading class com/android/tools/r8/com/google/gson/internal/LinkedTreeMap$Node done
Event: 1263.959 loading class com/android/tools/r8/com/google/gson/internal/LazilyParsedNumber
Event: 1263.959 loading class com/android/tools/r8/com/google/gson/internal/LazilyParsedNumber done
Event: 1263.960 loading class com/android/tools/r8/com/google/gson/internal/$Gson$Preconditions
Event: 1263.960 loading class com/android/tools/r8/com/google/gson/internal/$Gson$Preconditions done
Event: 1263.961 loading class com/android/tools/r8/dex/ApplicationWriter
Event: 1263.961 loading class com/android/tools/r8/dex/ApplicationWriter done


Dynamic libraries:
0x00007ff666700000 - 0x00007ff666731000 	C:\Program Files\Android\Android Studio\jre\bin\java.exe
0x00007ffebada0000 - 0x00007ffebaf81000 	C:\WINDOWS\SYSTEM32\ntdll.dll
0x00007ffeb86f0000 - 0x00007ffeb87a2000 	C:\WINDOWS\System32\KERNEL32.DLL
0x00007ffeb7170000 - 0x00007ffeb73e3000 	C:\WINDOWS\System32\KERNELBASE.dll
0x00007ffebaac0000 - 0x00007ffebab61000 	C:\WINDOWS\System32\ADVAPI32.dll
0x00007ffebaa10000 - 0x00007ffebaaae000 	C:\WINDOWS\System32\msvcrt.dll
0x00007ffeb9c50000 - 0x00007ffeb9cab000 	C:\WINDOWS\System32\sechost.dll
0x00007ffeba8c0000 - 0x00007ffeba9e4000 	C:\WINDOWS\System32\RPCRT4.dll
0x00007ffeb9d60000 - 0x00007ffeb9ef0000 	C:\WINDOWS\System32\USER32.dll
0x00007ffeb81c0000 - 0x00007ffeb81e0000 	C:\WINDOWS\System32\win32u.dll
0x00007ffeba4d0000 - 0x00007ffeba4f8000 	C:\WINDOWS\System32\GDI32.dll
0x00007ffeb75e0000 - 0x00007ffeb7772000 	C:\WINDOWS\System32\gdi32full.dll
0x00007ffeb7e90000 - 0x00007ffeb7f2f000 	C:\WINDOWS\System32\msvcp_win.dll
0x00007ffeb7f30000 - 0x00007ffeb802a000 	C:\WINDOWS\System32\ucrtbase.dll
0x00007ffea6a40000 - 0x00007ffea6ca9000 	C:\WINDOWS\WinSxS\amd64_microsoft.windows.common-controls_6595b64144ccf1df_6.0.17134.523_none_fb409dd930672a56\COMCTL32.dll
0x00007ffeb82d0000 - 0x00007ffeb85f2000 	C:\WINDOWS\System32\combase.dll
0x00007ffeb8090000 - 0x00007ffeb810a000 	C:\WINDOWS\System32\bcryptPrimitives.dll
0x00007ffeb8230000 - 0x00007ffeb825d000 	C:\WINDOWS\System32\IMM32.DLL
0x0000000057dd0000 - 0x0000000057ea2000 	C:\Program Files\Android\Android Studio\jre\jre\bin\msvcr100.dll
0x0000000057eb0000 - 0x00000000586f1000 	C:\Program Files\Android\Android Studio\jre\jre\bin\server\jvm.dll
0x00007ffebaab0000 - 0x00007ffebaab8000 	C:\WINDOWS\System32\PSAPI.DLL
0x00007ffea8e60000 - 0x00007ffea8e6a000 	C:\WINDOWS\SYSTEM32\VERSION.dll
0x00007ffeb5220000 - 0x00007ffeb5243000 	C:\WINDOWS\SYSTEM32\WINMM.dll
0x00007ffea9280000 - 0x00007ffea9289000 	C:\WINDOWS\SYSTEM32\WSOCK32.dll
0x00007ffeb8260000 - 0x00007ffeb82cc000 	C:\WINDOWS\System32\WS2_32.dll
0x00007ffeb4dd0000 - 0x00007ffeb4dfa000 	C:\WINDOWS\SYSTEM32\WINMMBASE.dll
0x00007ffeb81e0000 - 0x00007ffeb8229000 	C:\WINDOWS\System32\cfgmgr32.dll
0x00007ffeb0b10000 - 0x00007ffeb0b1f000 	C:\Program Files\Android\Android Studio\jre\jre\bin\verify.dll
0x00007ffe83f00000 - 0x00007ffe83f29000 	C:\Program Files\Android\Android Studio\jre\jre\bin\java.dll
0x00007ffe83ee0000 - 0x00007ffe83ef6000 	C:\Program Files\Android\Android Studio\jre\jre\bin\zip.dll
0x00007ffeb87b0000 - 0x00007ffeb9bf0000 	C:\WINDOWS\System32\SHELL32.dll
0x00007ffeb9cb0000 - 0x00007ffeb9d59000 	C:\WINDOWS\System32\shcore.dll
0x00007ffeb7780000 - 0x00007ffeb7e8d000 	C:\WINDOWS\System32\windows.storage.dll
0x00007ffeba860000 - 0x00007ffeba8b1000 	C:\WINDOWS\System32\shlwapi.dll
0x00007ffeb7130000 - 0x00007ffeb7141000 	C:\WINDOWS\System32\kernel.appcore.dll
0x00007ffeb70b0000 - 0x00007ffeb70cf000 	C:\WINDOWS\System32\profapi.dll
0x00007ffeb70e0000 - 0x00007ffeb712c000 	C:\WINDOWS\System32\powrprof.dll
0x00007ffeb70d0000 - 0x00007ffeb70da000 	C:\WINDOWS\System32\FLTLIB.DLL
0x00007ffe83ec0000 - 0x00007ffe83eda000 	C:\Program Files\Android\Android Studio\jre\jre\bin\net.dll
0x00007ffeb68d0000 - 0x00007ffeb6936000 	C:\WINDOWS\system32\mswsock.dll
0x00007ffeb1400000 - 0x00007ffeb1411000 	C:\Program Files\Android\Android Studio\jre\jre\bin\nio.dll
0x00007ffeaea70000 - 0x00007ffeaea8e000 	C:\Users\Zahid\.gradle\native\25\windows-amd64\native-platform.dll
0x00007ffeaff70000 - 0x00007ffeaff7d000 	C:\Program Files\Android\Android Studio\jre\jre\bin\management.dll
0x00007ffeb6a80000 - 0x00007ffeb6a97000 	C:\WINDOWS\SYSTEM32\CRYPTSP.dll
0x00007ffeb64b0000 - 0x00007ffeb64e3000 	C:\WINDOWS\system32\rsaenh.dll
0x00007ffeb6c10000 - 0x00007ffeb6c35000 	C:\WINDOWS\SYSTEM32\bcrypt.dll
0x00007ffeb6fb0000 - 0x00007ffeb6fd8000 	C:\WINDOWS\SYSTEM32\USERENV.dll
0x00007ffeb6aa0000 - 0x00007ffeb6aab000 	C:\WINDOWS\SYSTEM32\CRYPTBASE.dll
0x00007ffeb6650000 - 0x00007ffeb6688000 	C:\WINDOWS\SYSTEM32\IPHLPAPI.DLL
0x00007ffeb9ef0000 - 0x00007ffeb9ef8000 	C:\WINDOWS\System32\NSI.dll
0x00007ffeaf820000 - 0x00007ffeaf836000 	C:\WINDOWS\SYSTEM32\dhcpcsvc6.DLL
0x00007ffeaf440000 - 0x00007ffeaf45a000 	C:\WINDOWS\SYSTEM32\dhcpcsvc.DLL
0x00007ffeacb10000 - 0x00007ffeacb34000 	C:\Program Files\Android\Android Studio\jre\jre\bin\sunec.dll
0x00007ffeb6690000 - 0x00007ffeb674e000 	C:\WINDOWS\SYSTEM32\DNSAPI.dll
0x00007ffeaa920000 - 0x00007ffeaa92a000 	C:\Windows\System32\rasadhlp.dll
0x00007ffeab9d0000 - 0x00007ffeaba42000 	C:\WINDOWS\System32\fwpuclnt.dll
0x00007ffeae4f0000 - 0x00007ffeae4fb000 	C:\Program Files\Android\Android Studio\jre\jre\bin\sunmscapi.dll
0x00007ffeb73f0000 - 0x00007ffeb75d2000 	C:\WINDOWS\System32\CRYPT32.dll
0x00007ffeb7150000 - 0x00007ffeb7162000 	C:\WINDOWS\System32\MSASN1.dll
0x00007ffeb61a0000 - 0x00007ffeb61d1000 	C:\WINDOWS\SYSTEM32\ntmarta.dll

VM Arguments:
jvm_args: -Xmx1536m -Dfile.encoding=windows-1252 -Duser.country=US -Duser.language=en -Duser.variant 
java_command: org.gradle.launcher.daemon.bootstrap.GradleDaemon 4.6
java_class_path (initial): C:\Users\Zahid\.gradle\wrapper\dists\gradle-4.6-all\bcst21l2brirad8k2ben1letg\gradle-4.6\lib\gradle-launcher-4.6.jar
Launcher Type: SUN_STANDARD

Environment Variables:
PATH=C:\app\Zahid\product\11.2.0\dbhome_1\bin;C:\Program Files (x86)\Common Files\Oracle\Java\javapath;"C:\Program Files (x86)\Common Files\Oracle\Java\javapath;";C:\WINDOWS\system32;C:\WINDOWS;C:\WINDOWS\System32\Wbem;C:\WINDOWS\System32\WindowsPowerShell\v1.0\;;C:\WINDOWS\System32\OpenSSH\;C:\Program Files\Java\jdk1.8.0_191\bin;%USERPROFILE%\AppData\Local\Microsoft\WindowsApps;
USERNAME=Zahid
OS=Windows_NT
PROCESSOR_IDENTIFIER=Intel64 Family 6 Model 42 Stepping 7, GenuineIntel



---------------  S Y S T E M  ---------------

OS: Windows 10.0 , 64 bit Build 17134 (10.0.17134.1)

CPU:total 4 (initial active 4) (2 cores per cpu, 2 threads per core) family 6 model 42 stepping 7, cmov, cx8, fxsr, mmx, sse, sse2, sse3, ssse3, sse4.1, sse4.2, popcnt, avx, aes, clmul, ht, tsc, tscinvbit

Memory: 4k page, physical 4106392k(272764k free), swap 6203544k(4156k free)

vm_info: OpenJDK 64-Bit Server VM (25.152-b06) for windows-amd64 JRE (1.8.0_152-release-1136-b06), built by "builder" with MS VC++ 10.0 (VS2010)

time: Thu Jan 17 17:13:46 2019
elapsed time: 1263 seconds (0d 0h 21m 3s)

